<?xml version="1.0" encoding="UTF-8"?>
<!-- Generated by org.testng.reporters.JUnitXMLReporter -->
<testsuite ignored="9" hostname="FiftyFiveTech" failures="1" tests="1" name="Default test" time="41.162" errors="0" timestamp="2024-07-23T18:06:04 IST">
  <testcase classname="org.myuplink.testcase.Schedules" name="testDeleteEvent" time="20.112">
    <failure type="java.lang.AssertionError" message="Mode not found">
      <![CDATA[java.lang.AssertionError: Mode not found
at pageEvents.SchedulePage.deleteScheduleEvent(SchedulePage.java:289)
at org.myuplink.testcase.Schedules.testDeleteEvent(Schedules.java:127)
at java.base/jdk.internal.reflect.NativeMethodAccessorImpl.invoke0(Native Method)
at java.base/jdk.internal.reflect.NativeMethodAccessorImpl.invoke(NativeMethodAccessorImpl.java:62)
at java.base/jdk.internal.reflect.DelegatingMethodAccessorImpl.invoke(DelegatingMethodAccessorImpl.java:43)
at java.base/java.lang.reflect.Method.invoke(Method.java:566)
at org.testng.internal.MethodInvocationHelper.invokeMethod(MethodInvocationHelper.java:133)
at org.testng.internal.TestInvoker.invokeMethod(TestInvoker.java:598)
at org.testng.internal.TestInvoker.invokeTestMethod(TestInvoker.java:173)
at org.testng.internal.MethodRunner.runInSequence(MethodRunner.java:46)
at org.testng.internal.TestInvoker$MethodInvocationAgent.invoke(TestInvoker.java:824)
at org.testng.internal.TestInvoker.invokeTestMethods(TestInvoker.java:146)
at org.testng.internal.TestMethodWorker.invokeTestMethods(TestMethodWorker.java:146)
at org.testng.internal.TestMethodWorker.run(TestMethodWorker.java:128)
at java.base/java.util.ArrayList.forEach(ArrayList.java:1541)
at org.testng.TestRunner.privateRun(TestRunner.java:794)
at org.testng.TestRunner.run(TestRunner.java:596)
at org.testng.SuiteRunner.runTest(SuiteRunner.java:377)
at org.testng.SuiteRunner.runSequentially(SuiteRunner.java:371)
at org.testng.SuiteRunner.privateRun(SuiteRunner.java:332)
at org.testng.SuiteRunner.run(SuiteRunner.java:276)
at org.testng.SuiteRunnerWorker.runSuite(SuiteRunnerWorker.java:53)
at org.testng.SuiteRunnerWorker.run(SuiteRunnerWorker.java:96)
at org.testng.TestNG.runSuitesSequentially(TestNG.java:1212)
at org.testng.TestNG.runSuitesLocally(TestNG.java:1134)
at org.testng.TestNG.runSuites(TestNG.java:1063)
at org.testng.TestNG.run(TestNG.java:1031)
at org.testng.remote.AbstractRemoteTestNG.run(AbstractRemoteTestNG.java:115)
at org.testng.remote.RemoteTestNG.initAndRun(RemoteTestNG.java:251)
at org.testng.remote.RemoteTestNG.main(RemoteTestNG.java:77)
]]>
    </failure>
  </testcase> <!-- testDeleteEvent -->
  <testcase classname="org.myuplink.testcase.Schedules" name="testCopyWeekdayWithIncorrectDestinationDay" time="0.0">
    <ignored/>
  </testcase> <!-- testCopyWeekdayWithIncorrectDestinationDay -->
  <testcase classname="org.myuplink.testcase.Schedules" name="testAddingEventWhenNotPresent" time="0.0">
    <ignored/>
  </testcase> <!-- testAddingEventWhenNotPresent -->
  <testcase classname="org.myuplink.testcase.Schedules" name="testAddingEventAndVerifyingCorrectDateDetails" time="0.0">
    <ignored/>
  </testcase> <!-- testAddingEventAndVerifyingCorrectDateDetails -->
  <testcase classname="org.myuplink.testcase.Schedules" name="testAddingEventAndVerifyingIncorrectDateDetails" time="0.0">
    <ignored/>
  </testcase> <!-- testAddingEventAndVerifyingIncorrectDateDetails -->
  <testcase classname="org.myuplink.testcase.Schedules" name="testCopyWeekdayIntoSameDay" time="0.0">
    <ignored/>
  </testcase> <!-- testCopyWeekdayIntoSameDay -->
  <testcase classname="org.myuplink.testcase.Schedules" name="testAddingMultipleEventsAndVerifyingCorrectDateDetails" time="0.0">
    <ignored/>
  </testcase> <!-- testAddingMultipleEventsAndVerifyingCorrectDateDetails -->
  <testcase classname="org.myuplink.testcase.Schedules" name="testCopyWeekdayWithCorrectDestinationDay" time="0.0">
    <ignored/>
  </testcase> <!-- testCopyWeekdayWithCorrectDestinationDay -->
  <testcase classname="org.myuplink.testcase.Schedules" name="testAddingEventAndVerifyingOtherAbsentEvent" time="0.0">
    <ignored/>
  </testcase> <!-- testAddingEventAndVerifyingOtherAbsentEvent -->
  <testcase classname="org.myuplink.testcase.Schedules" name="testCopyWeekdayWithDifferentDataSizeDestinationDay" time="0.0">
    <ignored/>
  </testcase> <!-- testCopyWeekdayWithDifferentDataSizeDestinationDay -->
</testsuite> <!-- Default test -->
