<?xml version="1.0" encoding="UTF-8"?>
<!-- Generated by org.testng.reporters.JUnitXMLReporter -->
<testsuite ignored="10" hostname="FiftyFiveTech" failures="0" tests="1" name="Default test" time="8.529" errors="0" timestamp="2024-12-11T12:40:47 IST">
  <testcase classname="org.myuplink.testcase.SchedulesTest" name="handleContinueButton" time="3.308"/>
  <testcase classname="org.myuplink.testcase.SchedulesTest" name="testAddingEventAndVerifyingCorrectDateDetails" time="0.0">
    <ignored/>
  </testcase> <!-- testAddingEventAndVerifyingCorrectDateDetails -->
  <testcase classname="org.myuplink.testcase.SchedulesTest" name="testCopyWeekdayWithIncorrectDestinationDay" time="0.0">
    <ignored/>
  </testcase> <!-- testCopyWeekdayWithIncorrectDestinationDay -->
  <testcase classname="org.myuplink.testcase.SchedulesTest" name="testCopyWeekdayIntoSameDay" time="0.0">
    <ignored/>
  </testcase> <!-- testCopyWeekdayIntoSameDay -->
  <testcase classname="org.myuplink.testcase.SchedulesTest" name="testCopyWeekdayWithCorrectDestinationDay" time="0.0">
    <ignored/>
  </testcase> <!-- testCopyWeekdayWithCorrectDestinationDay -->
  <testcase classname="org.myuplink.testcase.SchedulesTest" name="testAddingEventAndVerifyingIncorrectDateDetails" time="0.0">
    <ignored/>
  </testcase> <!-- testAddingEventAndVerifyingIncorrectDateDetails -->
  <testcase classname="org.myuplink.testcase.SchedulesTest" name="testDeleteEvent" time="0.0">
    <ignored/>
  </testcase> <!-- testDeleteEvent -->
  <testcase classname="org.myuplink.testcase.SchedulesTest" name="testAddingEventWhenNotPresent" time="0.0">
    <ignored/>
  </testcase> <!-- testAddingEventWhenNotPresent -->
  <testcase classname="org.myuplink.testcase.SchedulesTest" name="testAddingEventAndVerifyingOtherAbsentEvent" time="0.0">
    <ignored/>
  </testcase> <!-- testAddingEventAndVerifyingOtherAbsentEvent -->
  <testcase classname="org.myuplink.testcase.SchedulesTest" name="testAddingMultipleEventsAndVerifyingCorrectDateDetails" time="0.0">
    <ignored/>
  </testcase> <!-- testAddingMultipleEventsAndVerifyingCorrectDateDetails -->
  <testcase classname="org.myuplink.testcase.SchedulesTest" name="testCopyWeekdayWithDifferentDataSizeDestinationDay" time="0.0">
    <ignored/>
  </testcase> <!-- testCopyWeekdayWithDifferentDataSizeDestinationDay -->
</testsuite> <!-- Default test -->
