<?xml version="1.0" encoding="UTF-8"?>
<!-- Generated by org.testng.reporters.JUnitXMLReporter -->
<testsuite ignored="0" hostname="FiftyFiveTech" failures="0" tests="4" name="Test" time="68.221" errors="0" timestamp="2024-11-28T00:19:11 IST">
  <testcase classname="org.myuplink.testcase.LoginTest" name="testInvalidFormatEmailAndCorrectPwd" time="3.672"/>
  <testcase classname="org.myuplink.testcase.LoginTest" name="testBlankUserNameAndBlankPassword" time="4.061"/>
  <testcase classname="org.myuplink.testcase.LoginTest" name="testWrongCredentials" time="13.556"/>
  <testcase classname="org.myuplink.testcase.LoginTest" name="testSuccessfulLogin" time="13.627"/>
</testsuite> <!-- Test -->
