<?xml version="1.0" encoding="UTF-8"?>
<!-- Generated by org.testng.reporters.JUnitXMLReporter -->
<testsuite ignored="0" hostname="FiftyFiveTech" failures="2" tests="5" name="Test" time="302.418" errors="0" timestamp="2024-05-23T20:59:42 IST">
  <testcase classname="org.myuplink.testcase.Schedules" name="testAddingEventAndVerifyingCorrectDateDetails" time="8.195"/>
  <testcase classname="org.myuplink.testcase.Schedules" name="testAddingEventAndVerifyingIncorrectDateDetails" time="8.54">
    <failure type="java.lang.AssertionError" message="Event Time 03:00 to 09:00 not found on Tuesday for test expected [true] but found [false]">
      <![CDATA[java.lang.AssertionError: Event Time 03:00 to 09:00 not found on Tuesday for test expected [true] but found [false]
at pageEvents.SchedulePage.verifyAddedScheduleEvent(SchedulePage.java:194)
at org.myuplink.testcase.Schedules.testAddingEventAndVerifyingIncorrectDateDetails(Schedules.java:86)
at java.base/java.util.ArrayList.forEach(ArrayList.java:1541)
at java.base/java.util.concurrent.FutureTask.run(FutureTask.java:264)
at java.base/java.util.concurrent.ThreadPoolExecutor.runWorker(ThreadPoolExecutor.java:1128)
at java.base/java.util.concurrent.ThreadPoolExecutor$Worker.run(ThreadPoolExecutor.java:628)
at java.base/java.lang.Thread.run(Thread.java:834)
... Removed 21 stack frames]]>
    </failure>
  </testcase> <!-- testAddingEventAndVerifyingIncorrectDateDetails -->
  <testcase classname="org.myuplink.testcase.Schedules" name="testAddingEventAndVerifyingOtherAbsentEvent" time="1.973">
    <failure type="java.lang.AssertionError" message="Event &amp;apos;testk&amp;apos; not found in the event addition list.">
      <![CDATA[java.lang.AssertionError: Event 'testk' not found in the event addition list.
at pageEvents.SchedulePage.addScheduleEvent(SchedulePage.java:100)
at org.myuplink.testcase.Schedules.testAddingEventAndVerifyingOtherAbsentEvent(Schedules.java:92)
at java.base/java.util.ArrayList.forEach(ArrayList.java:1541)
at java.base/java.util.concurrent.FutureTask.run(FutureTask.java:264)
at java.base/java.util.concurrent.ThreadPoolExecutor.runWorker(ThreadPoolExecutor.java:1128)
at java.base/java.util.concurrent.ThreadPoolExecutor$Worker.run(ThreadPoolExecutor.java:628)
at java.base/java.lang.Thread.run(Thread.java:834)
... Removed 19 stack frames]]>
    </failure>
  </testcase> <!-- testAddingEventAndVerifyingOtherAbsentEvent -->
  <testcase classname="org.myuplink.testcase.Schedules" name="testAddingEventWhenNotPresent" time="2.981"/>
  <testcase classname="org.myuplink.testcase.Schedules" name="testAddingMultipleEventsAndVerifyingCorrectDateDetails" time="27.437"/>
</testsuite> <!-- Test -->
