<?xml version="1.0" encoding="UTF-8"?>
<!-- Generated by org.testng.reporters.JUnitXMLReporter -->
<testsuite ignored="0" hostname="FiftyFiveTech" failures="0" tests="4" name="Test" time="58.472" errors="0" timestamp="2024-11-28T22:43:07 IST">
  <testcase classname="org.myuplink.testcase.LoginTest" name="testInvalidFormatEmailAndCorrectPwd" time="3.651"/>
  <testcase classname="org.myuplink.testcase.LoginTest" name="testBlankUserNameAndBlankPassword" time="3.656"/>
  <testcase classname="org.myuplink.testcase.LoginTest" name="testWrongCredentials" time="12.475"/>
  <testcase classname="org.myuplink.testcase.LoginTest" name="testSuccessfulLogin" time="9.121"/>
</testsuite> <!-- Test -->
