<?xml version="1.0" encoding="UTF-8"?>
<testsuite xmlns:xsi="http://www.w3.org/2001/XMLSchema-instance" xsi:noNamespaceSchemaLocation="https://maven.apache.org/surefire/maven-surefire-plugin/xsd/surefire-test-report.xsd" name="TestSuite" time="46.4" tests="4" errors="0" skipped="0" failures="0">
  <properties>
[...]
</properties>
  <testcase name="testInvalidFormatEmailAndCorrectPwd" classname="org.myuplink.testcase.LoginTest" time="4.094"/>
  <testcase name="testBlankUserNameAndBlankPassword" classname="org.myuplink.testcase.LoginTest" time="3.377"/>
  <testcase name="testWrongCredentials" classname="org.myuplink.testcase.LoginTest" time="12.478"/>
  <testcase name="testSuccessfulLogin" classname="org.myuplink.testcase.LoginTest" time="3.555"/>
</testsuite>