<?xml version="1.0" encoding="UTF-8"?>
<testng-results ignored="0" total="4" passed="4" failed="0" skipped="0">
  <reporter-output>
  </reporter-output>
  <suite started-at="2024-12-03T15:21:34 IST" name="Suite" finished-at="2024-12-03T15:22:20 IST" duration-ms="45926">
    <groups>
    </groups>
    <test started-at="2024-12-03T15:21:34 IST" name="Test" finished-at="2024-12-03T15:22:20 IST" duration-ms="45926">
      <class name="org.myuplink.testcase.LoginTest">
        <test-method is-config="true" signature="browserSetup()[pri:0, instance:org.myuplink.testcase.LoginTest@1de5f259]" started-at="2024-12-03T15:21:34 IST" name="browserSetup" finished-at="2024-12-03T15:21:43 IST" duration-ms="8913" status="PASS">
          <reporter-output>
          </reporter-output>
        </test-method> <!-- browserSetup -->
        <test-method is-config="true" signature="setUp()[pri:0, instance:org.myuplink.testcase.LoginTest@1de5f259]" started-at="2024-12-03T15:21:43 IST" name="setUp" finished-at="2024-12-03T15:21:44 IST" duration-ms="691" status="PASS">
          <reporter-output>
          </reporter-output>
        </test-method> <!-- setUp -->
        <test-method signature="testInvalidFormatEmailAndCorrectPwd()[pri:1, instance:org.myuplink.testcase.LoginTest@1de5f259]" started-at="2024-12-03T15:21:44 IST" name="testInvalidFormatEmailAndCorrectPwd" description="scenario with invalid format of email and correct password" finished-at="2024-12-03T15:21:48 IST" duration-ms="4071" status="PASS">
          <reporter-output>
          </reporter-output>
        </test-method> <!-- testInvalidFormatEmailAndCorrectPwd -->
        <test-method is-config="true" signature="tearDown()[pri:0, instance:org.myuplink.testcase.LoginTest@1de5f259]" started-at="2024-12-03T15:21:48 IST" name="tearDown" finished-at="2024-12-03T15:21:48 IST" duration-ms="569" status="PASS">
          <reporter-output>
          </reporter-output>
        </test-method> <!-- tearDown -->
        <test-method is-config="true" signature="browserSetup()[pri:0, instance:org.myuplink.testcase.LoginTest@1de5f259]" started-at="2024-12-03T15:21:48 IST" name="browserSetup" finished-at="2024-12-03T15:21:52 IST" duration-ms="3616" status="PASS">
          <reporter-output>
          </reporter-output>
        </test-method> <!-- browserSetup -->
        <test-method is-config="true" signature="setUp()[pri:0, instance:org.myuplink.testcase.LoginTest@1de5f259]" started-at="2024-12-03T15:21:52 IST" name="setUp" finished-at="2024-12-03T15:21:52 IST" duration-ms="224" status="PASS">
          <reporter-output>
          </reporter-output>
        </test-method> <!-- setUp -->
        <test-method signature="testBlankUserNameAndBlankPassword()[pri:2, instance:org.myuplink.testcase.LoginTest@1de5f259]" started-at="2024-12-03T15:21:52 IST" name="testBlankUserNameAndBlankPassword" description="scenario with blank email and blank password" finished-at="2024-12-03T15:21:56 IST" duration-ms="3377" status="PASS">
          <reporter-output>
          </reporter-output>
        </test-method> <!-- testBlankUserNameAndBlankPassword -->
        <test-method is-config="true" signature="tearDown()[pri:0, instance:org.myuplink.testcase.LoginTest@1de5f259]" started-at="2024-12-03T15:21:56 IST" name="tearDown" finished-at="2024-12-03T15:21:56 IST" duration-ms="384" status="PASS">
          <reporter-output>
          </reporter-output>
        </test-method> <!-- tearDown -->
        <test-method is-config="true" signature="browserSetup()[pri:0, instance:org.myuplink.testcase.LoginTest@1de5f259]" started-at="2024-12-03T15:21:56 IST" name="browserSetup" finished-at="2024-12-03T15:22:00 IST" duration-ms="3523" status="PASS">
          <reporter-output>
          </reporter-output>
        </test-method> <!-- browserSetup -->
        <test-method is-config="true" signature="setUp()[pri:0, instance:org.myuplink.testcase.LoginTest@1de5f259]" started-at="2024-12-03T15:22:00 IST" name="setUp" finished-at="2024-12-03T15:22:00 IST" duration-ms="109" status="PASS">
          <reporter-output>
          </reporter-output>
        </test-method> <!-- setUp -->
        <test-method signature="testWrongCredentials()[pri:3, instance:org.myuplink.testcase.LoginTest@1de5f259]" started-at="2024-12-03T15:22:00 IST" name="testWrongCredentials" description="scenario with wrong email and wrong password" finished-at="2024-12-03T15:22:12 IST" duration-ms="12478" status="PASS">
          <reporter-output>
          </reporter-output>
        </test-method> <!-- testWrongCredentials -->
        <test-method is-config="true" signature="tearDown()[pri:0, instance:org.myuplink.testcase.LoginTest@1de5f259]" started-at="2024-12-03T15:22:12 IST" name="tearDown" finished-at="2024-12-03T15:22:13 IST" duration-ms="418" status="PASS">
          <reporter-output>
          </reporter-output>
        </test-method> <!-- tearDown -->
        <test-method is-config="true" signature="browserSetup()[pri:0, instance:org.myuplink.testcase.LoginTest@1de5f259]" started-at="2024-12-03T15:22:13 IST" name="browserSetup" finished-at="2024-12-03T15:22:16 IST" duration-ms="3524" status="PASS">
          <reporter-output>
          </reporter-output>
        </test-method> <!-- browserSetup -->
        <test-method is-config="true" signature="setUp()[pri:0, instance:org.myuplink.testcase.LoginTest@1de5f259]" started-at="2024-12-03T15:22:16 IST" name="setUp" finished-at="2024-12-03T15:22:16 IST" duration-ms="122" status="PASS">
          <reporter-output>
          </reporter-output>
        </test-method> <!-- setUp -->
        <test-method signature="testSuccessfulLogin()[pri:4, instance:org.myuplink.testcase.LoginTest@1de5f259]" started-at="2024-12-03T15:22:16 IST" name="testSuccessfulLogin" description="scenario with correct email and correct password" finished-at="2024-12-03T15:22:20 IST" duration-ms="3556" status="PASS">
          <reporter-output>
          </reporter-output>
        </test-method> <!-- testSuccessfulLogin -->
        <test-method is-config="true" signature="tearDown()[pri:0, instance:org.myuplink.testcase.LoginTest@1de5f259]" started-at="2024-12-03T15:22:20 IST" name="tearDown" finished-at="2024-12-03T15:22:20 IST" duration-ms="309" status="PASS">
          <reporter-output>
          </reporter-output>
        </test-method> <!-- tearDown -->
      </class> <!-- org.myuplink.testcase.LoginTest -->
    </test> <!-- Test -->
  </suite> <!-- Suite -->
</testng-results>
