<?xml version="1.0" encoding="UTF-8"?>
<testsuite xmlns:xsi="http://www.w3.org/2001/XMLSchema-instance" xsi:noNamespaceSchemaLocation="https://maven.apache.org/surefire/maven-surefire-plugin/xsd/surefire-test-report.xsd" name="TestSuite" time="3.645" tests="16" errors="0" skipped="15" failures="1">
  <properties>
[...]
</properties>
  <testcase name="browserSetup" classname="org.myuplink.testcase.LoginTest" time="3.413">
    <failure message="Could not start a new session. Response code 500. Message: session not created: This version of ChromeDriver only supports Chrome version 126&#10;Current browser version is 131.0.6778.86 with binary path C:\Program Files\Google\Chrome\Application\chrome.exe &#10;Host info: host: &apos;FIFTYFIVETECH&apos;, ip: &apos;192.168.1.2&apos;&#10;Build info: version: &apos;4.11.0&apos;, revision: &apos;040bc5406b&apos;&#10;System info: os.name: &apos;Windows 11&apos;, os.arch: &apos;amd64&apos;, os.version: &apos;10.0&apos;, java.version: &apos;17.0.4.1&apos;&#10;Driver info: org.openqa.selenium.chrome.ChromeDriver&#10;Command: [null, newSession {capabilities=[Capabilities {browserName: chrome, goog:chromeOptions: {args: [start-maximized, --remote-allow-origins=*, disable-infobars], excludeSwitches: [enable-automation], extensions: [], useAutomationExtension: false}}]}]" type="org.openqa.selenium.SessionNotCreatedException">org.openqa.selenium.SessionNotCreatedException: 
Could not start a new session. Response code 500. Message: session not created: This version of ChromeDriver only supports Chrome version 126
Current browser version is 131.0.6778.86 with binary path C:\Program Files\Google\Chrome\Application\chrome.exe 
Host info: host: 'FIFTYFIVETECH', ip: '192.168.1.2'
Build info: version: '4.11.0', revision: '040bc5406b'
System info: os.name: 'Windows 11', os.arch: 'amd64', os.version: '10.0', java.version: '17.0.4.1'
Driver info: org.openqa.selenium.chrome.ChromeDriver
Command: [null, newSession {capabilities=[Capabilities {browserName: chrome, goog:chromeOptions: {args: [start-maximized, --remote-allow-origins=*, disable-infobars], excludeSwitches: [enable-automation], extensions: [], useAutomationExtension: false}}]}]
</failure>
    <system-err><![CDATA[SLF4J: Failed to load class "org.slf4j.impl.StaticLoggerBinder".
SLF4J: Defaulting to no-operation (NOP) logger implementation
SLF4J: See http://www.slf4j.org/codes.html#StaticLoggerBinder for further details.
]]></system-err>
  </testcase>
  <testcase name="browserSetup" classname="org.myuplink.testcase.LoginTest" time="0">
    <skipped/>
  </testcase>
  <testcase name="browserSetup" classname="org.myuplink.testcase.LoginTest" time="0">
    <skipped/>
  </testcase>
  <testcase name="browserSetup" classname="org.myuplink.testcase.LoginTest" time="0">
    <skipped/>
  </testcase>
  <testcase name="setUp" classname="org.myuplink.testcase.LoginTest" time="0">
    <skipped/>
  </testcase>
  <testcase name="setUp" classname="org.myuplink.testcase.LoginTest" time="0">
    <skipped/>
  </testcase>
  <testcase name="setUp" classname="org.myuplink.testcase.LoginTest" time="0">
    <skipped/>
  </testcase>
  <testcase name="setUp" classname="org.myuplink.testcase.LoginTest" time="0">
    <skipped/>
  </testcase>
  <testcase name="testInvalidFormatEmailAndCorrectPwd" classname="org.myuplink.testcase.LoginTest" time="0">
    <skipped message="Could not start a new session. Response code 500. Message: session not created: This version of ChromeDriver only supports Chrome version 126&#10;Current browser version is 131.0.6778.86 with binary path C:\Program Files\Google\Chrome\Application\chrome.exe &#10;Host info: host: &apos;FIFTYFIVETECH&apos;, ip: &apos;192.168.1.2&apos;&#10;Build info: version: &apos;4.11.0&apos;, revision: &apos;040bc5406b&apos;&#10;System info: os.name: &apos;Windows 11&apos;, os.arch: &apos;amd64&apos;, os.version: &apos;10.0&apos;, java.version: &apos;17.0.4.1&apos;&#10;Driver info: org.openqa.selenium.chrome.ChromeDriver&#10;Command: [null, newSession {capabilities=[Capabilities {browserName: chrome, goog:chromeOptions: {args: [start-maximized, --remote-allow-origins=*, disable-infobars], excludeSwitches: [enable-automation], extensions: [], useAutomationExtension: false}}]}]"/>
  </testcase>
  <testcase name="tearDown" classname="org.myuplink.testcase.LoginTest" time="0">
    <skipped/>
  </testcase>
  <testcase name="tearDown" classname="org.myuplink.testcase.LoginTest" time="0">
    <skipped/>
  </testcase>
  <testcase name="tearDown" classname="org.myuplink.testcase.LoginTest" time="0">
    <skipped/>
  </testcase>
  <testcase name="tearDown" classname="org.myuplink.testcase.LoginTest" time="0">
    <skipped/>
  </testcase>
  <testcase name="testBlankUserNameAndBlankPassword" classname="org.myuplink.testcase.LoginTest" time="0">
    <skipped message="Could not start a new session. Response code 500. Message: session not created: This version of ChromeDriver only supports Chrome version 126&#10;Current browser version is 131.0.6778.86 with binary path C:\Program Files\Google\Chrome\Application\chrome.exe &#10;Host info: host: &apos;FIFTYFIVETECH&apos;, ip: &apos;192.168.1.2&apos;&#10;Build info: version: &apos;4.11.0&apos;, revision: &apos;040bc5406b&apos;&#10;System info: os.name: &apos;Windows 11&apos;, os.arch: &apos;amd64&apos;, os.version: &apos;10.0&apos;, java.version: &apos;17.0.4.1&apos;&#10;Driver info: org.openqa.selenium.chrome.ChromeDriver&#10;Command: [null, newSession {capabilities=[Capabilities {browserName: chrome, goog:chromeOptions: {args: [start-maximized, --remote-allow-origins=*, disable-infobars], excludeSwitches: [enable-automation], extensions: [], useAutomationExtension: false}}]}]"/>
  </testcase>
  <testcase name="testWrongCredentials" classname="org.myuplink.testcase.LoginTest" time="0">
    <skipped message="Could not start a new session. Response code 500. Message: session not created: This version of ChromeDriver only supports Chrome version 126&#10;Current browser version is 131.0.6778.86 with binary path C:\Program Files\Google\Chrome\Application\chrome.exe &#10;Host info: host: &apos;FIFTYFIVETECH&apos;, ip: &apos;192.168.1.2&apos;&#10;Build info: version: &apos;4.11.0&apos;, revision: &apos;040bc5406b&apos;&#10;System info: os.name: &apos;Windows 11&apos;, os.arch: &apos;amd64&apos;, os.version: &apos;10.0&apos;, java.version: &apos;17.0.4.1&apos;&#10;Driver info: org.openqa.selenium.chrome.ChromeDriver&#10;Command: [null, newSession {capabilities=[Capabilities {browserName: chrome, goog:chromeOptions: {args: [start-maximized, --remote-allow-origins=*, disable-infobars], excludeSwitches: [enable-automation], extensions: [], useAutomationExtension: false}}]}]"/>
  </testcase>
  <testcase name="testSuccessfulLogin" classname="org.myuplink.testcase.LoginTest" time="0">
    <skipped message="Could not start a new session. Response code 500. Message: session not created: This version of ChromeDriver only supports Chrome version 126&#10;Current browser version is 131.0.6778.86 with binary path C:\Program Files\Google\Chrome\Application\chrome.exe &#10;Host info: host: &apos;FIFTYFIVETECH&apos;, ip: &apos;192.168.1.2&apos;&#10;Build info: version: &apos;4.11.0&apos;, revision: &apos;040bc5406b&apos;&#10;System info: os.name: &apos;Windows 11&apos;, os.arch: &apos;amd64&apos;, os.version: &apos;10.0&apos;, java.version: &apos;17.0.4.1&apos;&#10;Driver info: org.openqa.selenium.chrome.ChromeDriver&#10;Command: [null, newSession {capabilities=[Capabilities {browserName: chrome, goog:chromeOptions: {args: [start-maximized, --remote-allow-origins=*, disable-infobars], excludeSwitches: [enable-automation], extensions: [], useAutomationExtension: false}}]}]"/>
  </testcase>
</testsuite>