<?xml version="1.0" encoding="UTF-8"?>
<testng-results ignored="3" total="4" passed="1" failed="0" skipped="0">
  <reporter-output>
  </reporter-output>
  <suite started-at="2024-11-28T23:20:48 IST" name="Default suite" finished-at="2024-11-28T23:21:02 IST" duration-ms="14399">
    <groups>
    </groups>
    <test started-at="2024-11-28T23:20:48 IST" name="Default test" finished-at="2024-11-28T23:21:02 IST" duration-ms="14399">
      <class name="org.myuplink.testcase.LoginTest">
        <test-method is-config="true" signature="browserSetup()[pri:0, instance:org.myuplink.testcase.LoginTest@61001b64]" started-at="2024-11-28T23:20:48 IST" name="browserSetup" finished-at="2024-11-28T23:20:56 IST" duration-ms="8355" status="PASS">
          <reporter-output>
          </reporter-output>
        </test-method> <!-- browserSetup -->
        <test-method is-config="true" signature="setUp()[pri:0, instance:org.myuplink.testcase.LoginTest@61001b64]" started-at="2024-11-28T23:20:56 IST" name="setUp" finished-at="2024-11-28T23:20:57 IST" duration-ms="1384" status="PASS">
          <reporter-output>
          </reporter-output>
        </test-method> <!-- setUp -->
        <test-method signature="testInvalidFormatEmailAndCorrectPwd()[pri:1, instance:org.myuplink.testcase.LoginTest@61001b64]" started-at="2024-11-28T23:20:57 IST" name="testInvalidFormatEmailAndCorrectPwd" description="scenario with invalid format of email and correct password" finished-at="2024-11-28T23:21:02 IST" duration-ms="4122" status="PASS">
          <reporter-output>
          </reporter-output>
        </test-method> <!-- testInvalidFormatEmailAndCorrectPwd -->
        <test-method is-config="true" signature="tearDown()[pri:0, instance:org.myuplink.testcase.LoginTest@61001b64]" started-at="2024-11-28T23:21:02 IST" name="tearDown" finished-at="2024-11-28T23:21:02 IST" duration-ms="506" status="PASS">
          <reporter-output>
          </reporter-output>
        </test-method> <!-- tearDown -->
      </class> <!-- org.myuplink.testcase.LoginTest -->
    </test> <!-- Default test -->
  </suite> <!-- Default suite -->
</testng-results>
